@0000000000000000
000000000000000000000000BAAD600D
0000000000000000000000000000BAAD
000000000000000000000000BABECAFE
000000000000000000000000BAADBAAD
F4F4F4F4F4F4F4F4F4F4F4F4F4F4F4F4
F4F4F4F4F4F4F4F4F4F4F4F4F4F4F4F4
F4F4F4F4F4F4F4F4F4F4F4F4F4F4F4F4
F4F4F4F4F4F4F4F4F4F4F4F4F4F4F4F4
F4F4F4F4F4F4F4F4F4F4F4F4F4F4F4F4
F4F4F4F4F4F4F4F4F4F4F4F4F4F4F4F4
F4F4F4F4F4F4F4F4F4F4F4F4F4F4F4F4
F4F4F4F4F4F4F4F4F4F4F4F4F4F4F4F4
F4F4F4F4F4F4F4F4F4F4F4F4F4F4F4F4
F4F4F4F4F4F4F4F4F4F4F4F4F4F4F4F4
F4F4F4F4F4F4F4F4F4F4F4F4F4F4F4F4
F4F4F4F4F4F4F4F4F4F4F4F4F4F4F4F4
000000000000000000000000BAAD600D
0000000000000000000000000000BAAD
000000000000000000000000BABECAFE
000000000000000000000000BAADBAAD
